**********************
PowerShell transcript start
Start time: 20201203192530
Username: DSONE\RMI1
RunAs User: DSONE\RMI1
Configuration Name: 
Machine: LP5-RMI1-DSY (Microsoft Windows NT 10.0.18363.0)
Host Application: C:\Program Files\PowerShell\7\pwsh.dll -NoProfile -NonInteractive -ExecutionPolicy Bypass -Command Import-Module 'c:\Users\RMI1\.vscode\extensions\ms-vscode.powershell-2020.6.0\modules\PowerShellEditorServices\PowerShellEditorServices.psd1'; Start-EditorServices -HostName 'Visual Studio Code Host' -HostProfileId 'Microsoft.VSCode' -HostVersion '2020.6.0' -AdditionalModules @('PowerShellEditorServices.VSCode') -BundledModulesPath 'c:\Users\RMI1\.vscode\extensions\ms-vscode.powershell-2020.6.0\modules' -EnableConsoleRepl -StartupBanner "=====> PowerShell Integrated Console v2020.6.0 <=====
" -LogLevel 'Normal' -LogPath 'c:\Users\RMI1\.vscode\extensions\ms-vscode.powershell-2020.6.0\logs\1607019389-48ac72dc-6123-484a-8644-92c131a1c62e1607019367683\EditorServices.log' -SessionDetailsPath 'c:\Users\RMI1\.vscode\extensions\ms-vscode.powershell-2020.6.0\sessions\PSES-VSCode-40924-797202' -FeatureFlags @() 
Process ID: 22040
PSVersion: 7.1.0
PSEdition: Core
GitCommitId: 7.1.0
OS: Microsoft Windows 10.0.18363
Platform: Win32NT
PSCompatibleVersions: 1.0, 2.0, 3.0, 4.0, 5.0, 5.1.10032.0, 6.0.0, 6.1.0, 6.2.0, 7.0.0, 7.1.0
PSRemotingProtocolVersion: 2.3
SerializationVersion: 1.1.0.1
WSManStackVersion: 3.0
**********************
323 values to check !
Testing for 1 right moves and 1 down moves...
There's 84 on the way for (1,1).
Testing for 3 right moves and 1 down moves...
There's 228 on the way for (3,1).
Testing for 5 right moves and 1 down moves...
There's 89 on the way for (5,1).
Testing for 7 right moves and 1 down moves...
There's 100 on the way for (7,1).
Testing for 1 right moves and 2 down moves...
There's 40 on the way for (1,2).
Answer for Part2 is 6818112000
**********************
PowerShell transcript end
End time: 20201203192530
**********************
